===== Test Run Started: 2026-07-13 08:16:20 =====
[2026-07-13 08:16:21] [SUITE] Base URL: https://automationexercise.com
[2026-07-13 08:16:21] [SUITE] Log file: target\test-logs\api-test.log
[2026-07-13 08:16:21] [A01 - Verify products page has no accessibility violations] START
[2026-07-13 08:16:25] [A01 - Verify products page has no accessibility violations] ✓ Page title exists: Automation Exercise - All Products
[2026-07-13 08:16:25] [A01 - Verify products page has no accessibility violations] ✓ All images have alt text
[2026-07-13 08:16:25] [A01 - Verify products page has no accessibility violations] ✓ Inputs have accessible labels
[2026-07-13 08:16:25] [A01 - Verify products page has no accessibility violations] ✓ Page viewport: {width=1280, height=720}
[2026-07-13 08:16:25] [A01 - Verify products page has no accessibility violations] Accessibility Check on Products Page - Total Violations: 2
[2026-07-13 08:16:25] [A01 - Verify products page has no accessibility violations] WARNING: 2 minor accessibility issues found on Products Page:
[Page should have at least one H1 element, 2 button(s) missing accessible name]
[2026-07-13 08:16:25] [A01 - Verify products page has no accessibility violations] END
[2026-07-13 08:16:25] [A01 - Verify products page has no accessibility violations] END
[2026-07-13 08:16:25] [A02 - Verify home page has no accessibility violations] START
[2026-07-13 08:16:28] [A02 - Verify home page has no accessibility violations] ✓ Page title exists: Automation Exercise
[2026-07-13 08:16:28] [A02 - Verify home page has no accessibility violations] ✓ H1 element found
[2026-07-13 08:16:28] [A02 - Verify home page has no accessibility violations] ✓ All images have alt text
[2026-07-13 08:16:29] [A02 - Verify home page has no accessibility violations] ✓ Inputs have accessible labels
[2026-07-13 08:16:29] [A02 - Verify home page has no accessibility violations] ✓ Page viewport: {width=1280, height=720}
[2026-07-13 08:16:29] [A02 - Verify home page has no accessibility violations] Accessibility Check on Home Page - Total Violations: 1
[2026-07-13 08:16:29] [A02 - Verify home page has no accessibility violations] WARNING: 1 minor accessibility issues found on Home Page:
[1 button(s) missing accessible name]
[2026-07-13 08:16:29] [A02 - Verify home page has no accessibility violations] END
[2026-07-13 08:16:29] [A02 - Verify home page has no accessibility violations] END
[2026-07-13 08:16:29] [A03 - Verify cart page has no accessibility violations] START
[2026-07-13 08:16:31] [A03 - Verify cart page has no accessibility violations] ✓ Page title exists: Automation Exercise - Checkout
[2026-07-13 08:16:31] [A03 - Verify cart page has no accessibility violations] ✓ All images have alt text
[2026-07-13 08:16:31] [A03 - Verify cart page has no accessibility violations] ✓ Inputs have accessible labels
[2026-07-13 08:16:31] [A03 - Verify cart page has no accessibility violations] ✓ Page viewport: {width=1280, height=720}
[2026-07-13 08:16:31] [A03 - Verify cart page has no accessibility violations] Accessibility Check on Cart Page - Total Violations: 2
[2026-07-13 08:16:31] [A03 - Verify cart page has no accessibility violations] WARNING: 2 minor accessibility issues found on Cart Page:
[Page should have at least one H1 element, 1 button(s) missing accessible name]
[2026-07-13 08:16:31] [A03 - Verify cart page has no accessibility violations] END
