===== Test Run Started: 2026-07-13 08:06:26 =====
[2026-07-13 08:06:27] [SUITE] Base URL: https://automationexercise.com
[2026-07-13 08:06:27] [SUITE] Log file: target\test-logs\api-test.log
[2026-07-13 08:06:27] [A01 - Verify products page has no accessibility violations] START
[2026-07-13 08:06:30] [A01 - Verify products page has no accessibility violations] ✓ Page title exists: Automation Exercise - All Products
[2026-07-13 08:06:30] [A01 - Verify products page has no accessibility violations] ✓ All images have alt text
[2026-07-13 08:06:30] [A01 - Verify products page has no accessibility violations] ✓ Inputs have accessible labels
[2026-07-13 08:06:30] [A01 - Verify products page has no accessibility violations] ✓ Page viewport: {width=1280, height=720}
[2026-07-13 08:06:30] [A01 - Verify products page has no accessibility violations] Accessibility Check on Products Page - Total Violations: 2
[2026-07-13 08:06:30] [A01 - Verify products page has no accessibility violations] WARNING: 2 minor accessibility issues found on Products Page:
[Page should have at least one H1 element, 2 button(s) missing accessible name]
[2026-07-13 08:06:30] [A01 - Verify products page has no accessibility violations] END
[2026-07-13 08:06:30] [A01 - Verify products page has no accessibility violations] END
[2026-07-13 08:06:30] [A02 - Verify home page has no accessibility violations] START
[2026-07-13 08:06:33] [A02 - Verify home page has no accessibility violations] ✓ Page title exists: Automation Exercise
[2026-07-13 08:06:33] [A02 - Verify home page has no accessibility violations] ✓ H1 element found
[2026-07-13 08:06:33] [A02 - Verify home page has no accessibility violations] ✓ All images have alt text
[2026-07-13 08:06:33] [A02 - Verify home page has no accessibility violations] ✓ Inputs have accessible labels
[2026-07-13 08:06:33] [A02 - Verify home page has no accessibility violations] ✓ Page viewport: {width=1280, height=720}
[2026-07-13 08:06:33] [A02 - Verify home page has no accessibility violations] Accessibility Check on Home Page - Total Violations: 1
[2026-07-13 08:06:33] [A02 - Verify home page has no accessibility violations] WARNING: 1 minor accessibility issues found on Home Page:
[1 button(s) missing accessible name]
[2026-07-13 08:06:34] [A02 - Verify home page has no accessibility violations] END
[2026-07-13 08:06:34] [A02 - Verify home page has no accessibility violations] END
[2026-07-13 08:06:34] [A03 - Verify cart page has no accessibility violations] START
[2026-07-13 08:06:36] [A03 - Verify cart page has no accessibility violations] ✓ Page title exists: Automation Exercise - Checkout
[2026-07-13 08:06:36] [A03 - Verify cart page has no accessibility violations] ✓ All images have alt text
[2026-07-13 08:06:36] [A03 - Verify cart page has no accessibility violations] ✓ Inputs have accessible labels
[2026-07-13 08:06:36] [A03 - Verify cart page has no accessibility violations] ✓ Page viewport: {width=1280, height=720}
[2026-07-13 08:06:36] [A03 - Verify cart page has no accessibility violations] Accessibility Check on Cart Page - Total Violations: 2
[2026-07-13 08:06:36] [A03 - Verify cart page has no accessibility violations] WARNING: 2 minor accessibility issues found on Cart Page:
[Page should have at least one H1 element, 1 button(s) missing accessible name]
[2026-07-13 08:06:36] [A03 - Verify cart page has no accessibility violations] END
[2026-07-13 08:06:36] [A03 - Verify cart page has no accessibility violations] END
[2026-07-13 08:06:36] [A04 - Verify signup/login page has no accessibility violations] START
[2026-07-13 08:06:40] [A04 - Verify signup/login page has no accessibility violations] ✓ Page title exists: Automation Exercise - Signup / Login
[2026-07-13 08:06:40] [A04 - Verify signup/login page has no accessibility violations] ✓ All images have alt text
[2026-07-13 08:06:40] [A04 - Verify signup/login page has no accessibility violations] ✓ Page viewport: {width=1280, height=720}
[2026-07-13 08:06:40] [A04 - Verify signup/login page has no accessibility violations] Accessibility Check on Signup/Login Page - Total Violations: 3
[2026-07-13 08:06:40] [A04 - Verify signup/login page has no accessibility violations] WARNING: 3 minor accessibility issues found on Signup/Login Page:
[Page should have at least one H1 element, 4 input(s) missing aria-label or id, 1 button(s) missing accessible name]
[2026-07-13 08:06:40] [A04 - Verify signup/login page has no accessibility violations] END
[2026-07-13 08:06:40] [A04 - Verify signup/login page has no accessibility violations] END
[2026-07-13 08:06:40] [A05 - Verify navigation header has no accessibility violations (specific region scan)] START
[2026-07-13 08:06:44] [A05 - Verify navigation header has no accessibility violations (specific region scan)] Scanning specific region: Navigation Header [header, nav]
[2026-07-13 08:06:44] [A05 - Verify navigation header has no accessibility violations (specific region scan)] ✓ Found 1 element(s) matching selector
[2026-07-13 08:06:44] [A05 - Verify navigation header has no accessibility violations (specific region scan)] ✓ All 1 link(s) in Navigation Header have accessible names
[2026-07-13 08:06:44] [A05 - Verify navigation header has no accessibility violations (specific region scan)] ✓ All 1 button(s) in Navigation Header have accessible names
[2026-07-13 08:06:44] [A05 - Verify navigation header has no accessibility violations (specific region scan)] ✓ All 1 input(s) in Navigation Header have labels
[2026-07-13 08:06:44] [A05 - Verify navigation header has no accessibility violations (specific region scan)] Region scan completed: Navigation Header - Violations: 0, Warnings: 1
[2026-07-13 08:06:44] [A05 - Verify navigation header has no accessibility violations (specific region scan)] Navigation header scan completed successfully
[2026-07-13 08:06:44] [A05 - Verify navigation header has no accessibility violations (specific region scan)] END
[2026-07-13 08:06:44] [A05 - Verify navigation header has no accessibility violations (specific region scan)] END
[2026-07-13 08:06:44] [A06 - Verify product list has no accessibility violations (specific region scan)] START
[2026-07-13 08:06:48] [A06 - Verify product list has no accessibility violations (specific region scan)] Scanning specific region: Product List [.products, [class*='product']]
[2026-07-13 08:06:48] [A06 - Verify product list has no accessibility violations (specific region scan)] ✓ Found 138 element(s) matching selector
[2026-07-13 08:06:48] [A06 - Verify product list has no accessibility violations (specific region scan)] ✓ All images in Product List have alt text
[2026-07-13 08:06:49] [A06 - Verify product list has no accessibility violations (specific region scan)] ✓ All 123 link(s) in Product List have accessible names
[2026-07-13 08:06:49] [A06 - Verify product list has no accessibility violations (specific region scan)] Region scan completed: Product List - Violations: 0, Warnings: 0
[2026-07-13 08:06:49] [A06 - Verify product list has no accessibility violations (specific region scan)] Product list scan completed successfully
[2026-07-13 08:06:49] [A06 - Verify product list has no accessibility violations (specific region scan)] END
[2026-07-13 08:06:49] [A06 - Verify product list has no accessibility violations (specific region scan)] END
[2026-07-13 08:06:49] [A07 - Verify login form has no accessibility violations (form region scan)] START
[2026-07-13 08:06:52] [A07 - Verify login form has no accessibility violations (form region scan)] Scanning specific region: Login Form [form]
[2026-07-13 08:06:52] [A07 - Verify login form has no accessibility violations (form region scan)] ✓ Found 3 element(s) matching selector
[2026-07-13 08:06:52] [A07 - Verify login form has no accessibility violations (form region scan)] ✓ All images in Login Form have alt text
[2026-07-13 08:06:52] [A07 - Verify login form has no accessibility violations (form region scan)] Region scan completed: Login Form - Violations: 0, Warnings: 2
[2026-07-13 08:06:52] [A07 - Verify login form has no accessibility violations (form region scan)] Login form accessibility check completed
[2026-07-13 08:06:52] [A07 - Verify login form has no accessibility violations (form region scan)] END
[2026-07-13 08:06:52] [A07 - Verify login form has no accessibility violations (form region scan)] END
[2026-07-13 08:06:52] [A08 - Verify page accessibility after user interactions] START
[2026-07-13 08:06:57] [A08 - Verify page accessibility after user interactions] Performed hover interaction on first product
[2026-07-13 08:06:57] [A08 - Verify page accessibility after user interactions] Scanning specific region: Page After Interaction [body]
[2026-07-13 08:06:57] [A08 - Verify page accessibility after user interactions] ✓ Found 1 element(s) matching selector
[2026-07-13 08:06:57] [A08 - Verify page accessibility after user interactions] ✓ All images in Page After Interaction have alt text
[2026-07-13 08:06:58] [A08 - Verify page accessibility after user interactions] ✓ All 2 input(s) in Page After Interaction have labels
[2026-07-13 08:06:58] [A08 - Verify page accessibility after user interactions] Region scan completed: Page After Interaction - Violations: 0, Warnings: 2
[2026-07-13 08:06:58] [A08 - Verify page accessibility after user interactions] Accessibility check after interaction - Critical: 0, Warnings: 2
[2026-07-13 08:06:58] [A08 - Verify page accessibility after user interactions] END
[2026-07-13 08:06:58] [A08 - Verify page accessibility after user interactions] END
[2026-07-13 08:06:58] [A09 - Verify footer has no accessibility violations (footer region scan)] START
[2026-07-13 08:07:03] [A09 - Verify footer has no accessibility violations (footer region scan)] Scanning specific region: Footer [footer, [class*='footer']]
[2026-07-13 08:07:03] [A09 - Verify footer has no accessibility violations (footer region scan)] ✓ Found 4 element(s) matching selector
[2026-07-13 08:07:03] [A09 - Verify footer has no accessibility violations (footer region scan)] ✓ All 1 link(s) in Footer have accessible names
[2026-07-13 08:07:03] [A09 - Verify footer has no accessibility violations (footer region scan)] ✓ All 2 input(s) in Footer have labels
[2026-07-13 08:07:03] [A09 - Verify footer has no accessibility violations (footer region scan)] Region scan completed: Footer - Violations: 0, Warnings: 2
[2026-07-13 08:07:03] [A09 - Verify footer has no accessibility violations (footer region scan)] Footer accessibility check completed
[2026-07-13 08:07:03] [A09 - Verify footer has no accessibility violations (footer region scan)] END
[2026-07-13 08:07:03] [A09 - Verify footer has no accessibility violations (footer region scan)] END
[2026-07-13 08:07:03] [A10 - Verify search section has no accessibility violations (component region scan)] START
[2026-07-13 08:07:07] [A10 - Verify search section has no accessibility violations (component region scan)] Scanning specific region: Search/Filter Component [[class*='search'], [class*='filter']]
[2026-07-13 08:07:07] [A10 - Verify search section has no accessibility violations (component region scan)] ✓ Found 2 element(s) matching selector
[2026-07-13 08:07:07] [A10 - Verify search section has no accessibility violations (component region scan)] Region scan completed: Search/Filter Component - Violations: 0, Warnings: 4
[2026-07-13 08:07:07] [A10 - Verify search section has no accessibility violations (component region scan)] Search component violations - Critical: 0, Warnings: 4
[2026-07-13 08:07:07] [A10 - Verify search section has no accessibility violations (component region scan)] END
[2026-07-13 08:07:07] [A10 - Verify search section has no accessibility violations (component region scan)] END
